<?xml version="1.0" encoding="UTF-8"?>
<robot generator="Robot 6.0.2 (Python 3.10.7 on win32)" generated="20230130 17:01:24.170" rpa="false" schemaversion="3">
<suite id="s1" name="functionalTests" source="C:\Users\Roman\Desktop\web-sovelluskehitys 2\testing\testSuite\functionalTests">
<suite id="s1-s1" name="contactUsPageTest" source="C:\Users\Roman\Desktop\web-sovelluskehitys 2\testing\testSuite\functionalTests\contactUsPageTest.robot">
<test id="s1-s1-t1" name="Email with correct data should be sent" line="12">
<kw name="Start TestCase" library="commonFunctionality" type="SETUP">
<arg>${contactUsPageURL}</arg>
<kw name="Open Browser" library="SeleniumLibrary">
<arg>${url}</arg>
<arg>headlessfirefox</arg>
<doc>Opens a new browser instance to the optional ``url``.</doc>
<msg timestamp="20230130 17:01:24.415" level="INFO">Opening browser 'headlessfirefox' to base url 'http://localhost:8080/contactUs'.</msg>
<msg timestamp="20230130 17:01:24.418" level="INFO">Firefox driver log is always forced to to: C:\Users\Roman\Desktop\web-sovelluskehitys 2\testing\results\geckodriver-66.log</msg>
<status status="PASS" starttime="20230130 17:01:24.414" endtime="20230130 17:01:29.235"/>
</kw>
<kw name="Title Should Be" library="SeleniumLibrary">
<arg>car-rent</arg>
<doc>Verifies that the current page title equals ``title``.</doc>
<msg timestamp="20230130 17:01:29.237" level="INFO">Page title is 'car-rent'.</msg>
<status status="PASS" starttime="20230130 17:01:29.235" endtime="20230130 17:01:29.237"/>
</kw>
<status status="PASS" starttime="20230130 17:01:24.414" endtime="20230130 17:01:29.237"/>
</kw>
<kw name="Fill Name Field" library="contactUsPage">
<kw name="Input Text" library="SeleniumLibrary">
<arg>${contactUsNameField}</arg>
<arg>John Doe</arg>
<arg>True</arg>
<doc>Types the given ``text`` into the text field identified by ``locator``.</doc>
<msg timestamp="20230130 17:01:29.238" level="INFO">Typing text 'John Doe' into text field 'css:.container &gt; form:nth-child(2) &gt; input:nth-child(2)'.</msg>
<status status="PASS" starttime="20230130 17:01:29.238" endtime="20230130 17:01:29.281"/>
</kw>
<status status="PASS" starttime="20230130 17:01:29.237" endtime="20230130 17:01:29.281"/>
</kw>
<kw name="Fill Correct Email Address" library="contactUsPage">
<kw name="Input Text" library="SeleniumLibrary">
<arg>${contactUsEmailField}</arg>
<arg>example@mail.com</arg>
<arg>True</arg>
<doc>Types the given ``text`` into the text field identified by ``locator``.</doc>
<msg timestamp="20230130 17:01:29.282" level="INFO">Typing text 'example@mail.com' into text field 'css:.container &gt; form:nth-child(2) &gt; input:nth-child(4)'.</msg>
<status status="PASS" starttime="20230130 17:01:29.281" endtime="20230130 17:01:29.300"/>
</kw>
<status status="PASS" starttime="20230130 17:01:29.281" endtime="20230130 17:01:29.300"/>
</kw>
<kw name="Fill Message Field" library="contactUsPage">
<kw name="Input Text" library="SeleniumLibrary">
<arg>${contactUsMessageField}</arg>
<arg>message</arg>
<arg>True</arg>
<doc>Types the given ``text`` into the text field identified by ``locator``.</doc>
<msg timestamp="20230130 17:01:29.301" level="INFO">Typing text 'message' into text field 'css:html body div#app div.container form textarea'.</msg>
<status status="PASS" starttime="20230130 17:01:29.301" endtime="20230130 17:01:29.315"/>
</kw>
<status status="PASS" starttime="20230130 17:01:29.300" endtime="20230130 17:01:29.315"/>
</kw>
<kw name="Submit Contact Form" library="contactUsPage">
<kw name="Submit Form" library="SeleniumLibrary">
<arg>${contactUsContactForm}</arg>
<doc>Submits a form identified by ``locator``.</doc>
<msg timestamp="20230130 17:01:29.316" level="INFO">Submitting form 'css:.container &gt; form:nth-child(2)'.</msg>
<status status="PASS" starttime="20230130 17:01:29.316" endtime="20230130 17:01:29.326"/>
</kw>
<status status="PASS" starttime="20230130 17:01:29.315" endtime="20230130 17:01:29.326"/>
</kw>
<kw name="Alert Should Be Present" library="SeleniumLibrary">
<doc>Verifies that an alert is present and by default, accepts it.</doc>
<msg timestamp="20230130 17:01:29.327" level="INFO">HANDLE::&lt;class 'NoneType'&gt;::None</msg>
<status status="PASS" starttime="20230130 17:01:29.326" endtime="20230130 17:01:30.878"/>
</kw>
<kw name="Finish TestCase" library="commonFunctionality" type="TEARDOWN">
<kw name="Close Browser" library="SeleniumLibrary">
<doc>Closes the current browser.</doc>
<status status="PASS" starttime="20230130 17:01:30.879" endtime="20230130 17:01:33.489"/>
</kw>
<status status="PASS" starttime="20230130 17:01:30.879" endtime="20230130 17:01:33.489"/>
</kw>
<doc>Email with correct data should be successfully sent</doc>
<tag>Functional</tag>
<status status="PASS" starttime="20230130 17:01:24.413" endtime="20230130 17:01:33.490"/>
</test>
<test id="s1-s1-t2" name="Email with incorrect address should not be sent" line="22">
<kw name="Start TestCase" library="commonFunctionality" type="SETUP">
<arg>${contactUsPageURL}</arg>
<kw name="Open Browser" library="SeleniumLibrary">
<arg>${url}</arg>
<arg>headlessfirefox</arg>
<doc>Opens a new browser instance to the optional ``url``.</doc>
<msg timestamp="20230130 17:01:33.492" level="INFO">Opening browser 'headlessfirefox' to base url 'http://localhost:8080/contactUs'.</msg>
<msg timestamp="20230130 17:01:33.497" level="INFO">Firefox driver log is always forced to to: C:\Users\Roman\Desktop\web-sovelluskehitys 2\testing\results\geckodriver-67.log</msg>
<status status="PASS" starttime="20230130 17:01:33.492" endtime="20230130 17:01:38.374"/>
</kw>
<kw name="Title Should Be" library="SeleniumLibrary">
<arg>car-rent</arg>
<doc>Verifies that the current page title equals ``title``.</doc>
<msg timestamp="20230130 17:01:38.376" level="INFO">Page title is 'car-rent'.</msg>
<status status="PASS" starttime="20230130 17:01:38.374" endtime="20230130 17:01:38.376"/>
</kw>
<status status="PASS" starttime="20230130 17:01:33.491" endtime="20230130 17:01:38.376"/>
</kw>
<kw name="Fill Name Field" library="contactUsPage">
<kw name="Input Text" library="SeleniumLibrary">
<arg>${contactUsNameField}</arg>
<arg>John Doe</arg>
<arg>True</arg>
<doc>Types the given ``text`` into the text field identified by ``locator``.</doc>
<msg timestamp="20230130 17:01:38.378" level="INFO">Typing text 'John Doe' into text field 'css:.container &gt; form:nth-child(2) &gt; input:nth-child(2)'.</msg>
<status status="PASS" starttime="20230130 17:01:38.377" endtime="20230130 17:01:38.419"/>
</kw>
<status status="PASS" starttime="20230130 17:01:38.376" endtime="20230130 17:01:38.419"/>
</kw>
<kw name="Fill Incorrect Email Address" library="contactUsPage">
<kw name="Input Text" library="SeleniumLibrary">
<arg>${contactUsEmailField}</arg>
<arg>notanemail</arg>
<arg>True</arg>
<doc>Types the given ``text`` into the text field identified by ``locator``.</doc>
<msg timestamp="20230130 17:01:38.420" level="INFO">Typing text 'notanemail' into text field 'css:.container &gt; form:nth-child(2) &gt; input:nth-child(4)'.</msg>
<status status="PASS" starttime="20230130 17:01:38.419" endtime="20230130 17:01:38.437"/>
</kw>
<status status="PASS" starttime="20230130 17:01:38.419" endtime="20230130 17:01:38.437"/>
</kw>
<kw name="Fill Message Field" library="contactUsPage">
<kw name="Input Text" library="SeleniumLibrary">
<arg>${contactUsMessageField}</arg>
<arg>message</arg>
<arg>True</arg>
<doc>Types the given ``text`` into the text field identified by ``locator``.</doc>
<msg timestamp="20230130 17:01:38.438" level="INFO">Typing text 'message' into text field 'css:html body div#app div.container form textarea'.</msg>
<status status="PASS" starttime="20230130 17:01:38.438" endtime="20230130 17:01:38.452"/>
</kw>
<status status="PASS" starttime="20230130 17:01:38.437" endtime="20230130 17:01:38.452"/>
</kw>
<kw name="Submit Contact Form" library="contactUsPage">
<kw name="Submit Form" library="SeleniumLibrary">
<arg>${contactUsContactForm}</arg>
<doc>Submits a form identified by ``locator``.</doc>
<msg timestamp="20230130 17:01:38.453" level="INFO">Submitting form 'css:.container &gt; form:nth-child(2)'.</msg>
<status status="PASS" starttime="20230130 17:01:38.453" endtime="20230130 17:01:38.460"/>
</kw>
<status status="PASS" starttime="20230130 17:01:38.453" endtime="20230130 17:01:38.460"/>
</kw>
<kw name="Alert Should Not Be Present" library="SeleniumLibrary">
<doc>Verifies that no alert is present.</doc>
<status status="PASS" starttime="20230130 17:01:38.460" endtime="20230130 17:01:43.585"/>
</kw>
<kw name="Finish TestCase" library="commonFunctionality" type="TEARDOWN">
<kw name="Close Browser" library="SeleniumLibrary">
<doc>Closes the current browser.</doc>
<status status="PASS" starttime="20230130 17:01:43.587" endtime="20230130 17:01:46.222"/>
</kw>
<status status="PASS" starttime="20230130 17:01:43.586" endtime="20230130 17:01:46.223"/>
</kw>
<doc>Contact Us page should not allow to submit form if email address is incorrect</doc>
<tag>Functional</tag>
<status status="PASS" starttime="20230130 17:01:33.490" endtime="20230130 17:01:46.223"/>
</test>
<test id="s1-s1-t3" name="Email with empty name field should not be sent" line="32">
<kw name="Start TestCase" library="commonFunctionality" type="SETUP">
<arg>${contactUsPageURL}</arg>
<kw name="Open Browser" library="SeleniumLibrary">
<arg>${url}</arg>
<arg>headlessfirefox</arg>
<doc>Opens a new browser instance to the optional ``url``.</doc>
<msg timestamp="20230130 17:01:46.225" level="INFO">Opening browser 'headlessfirefox' to base url 'http://localhost:8080/contactUs'.</msg>
<msg timestamp="20230130 17:01:46.229" level="INFO">Firefox driver log is always forced to to: C:\Users\Roman\Desktop\web-sovelluskehitys 2\testing\results\geckodriver-68.log</msg>
<status status="PASS" starttime="20230130 17:01:46.224" endtime="20230130 17:01:51.140"/>
</kw>
<kw name="Title Should Be" library="SeleniumLibrary">
<arg>car-rent</arg>
<doc>Verifies that the current page title equals ``title``.</doc>
<msg timestamp="20230130 17:01:51.142" level="INFO">Page title is 'car-rent'.</msg>
<status status="PASS" starttime="20230130 17:01:51.141" endtime="20230130 17:01:51.142"/>
</kw>
<status status="PASS" starttime="20230130 17:01:46.224" endtime="20230130 17:01:51.143"/>
</kw>
<kw name="Fill Correct Email Address" library="contactUsPage">
<kw name="Input Text" library="SeleniumLibrary">
<arg>${contactUsEmailField}</arg>
<arg>example@mail.com</arg>
<arg>True</arg>
<doc>Types the given ``text`` into the text field identified by ``locator``.</doc>
<msg timestamp="20230130 17:01:51.144" level="INFO">Typing text 'example@mail.com' into text field 'css:.container &gt; form:nth-child(2) &gt; input:nth-child(4)'.</msg>
<status status="PASS" starttime="20230130 17:01:51.143" endtime="20230130 17:01:51.190"/>
</kw>
<status status="PASS" starttime="20230130 17:01:51.143" endtime="20230130 17:01:51.190"/>
</kw>
<kw name="Fill Message Field" library="contactUsPage">
<kw name="Input Text" library="SeleniumLibrary">
<arg>${contactUsMessageField}</arg>
<arg>message</arg>
<arg>True</arg>
<doc>Types the given ``text`` into the text field identified by ``locator``.</doc>
<msg timestamp="20230130 17:01:51.191" level="INFO">Typing text 'message' into text field 'css:html body div#app div.container form textarea'.</msg>
<status status="PASS" starttime="20230130 17:01:51.190" endtime="20230130 17:01:51.206"/>
</kw>
<status status="PASS" starttime="20230130 17:01:51.190" endtime="20230130 17:01:51.206"/>
</kw>
<kw name="Submit Contact Form" library="contactUsPage">
<kw name="Submit Form" library="SeleniumLibrary">
<arg>${contactUsContactForm}</arg>
<doc>Submits a form identified by ``locator``.</doc>
<msg timestamp="20230130 17:01:51.207" level="INFO">Submitting form 'css:.container &gt; form:nth-child(2)'.</msg>
<status status="PASS" starttime="20230130 17:01:51.207" endtime="20230130 17:01:51.217"/>
</kw>
<status status="PASS" starttime="20230130 17:01:51.206" endtime="20230130 17:01:51.217"/>
</kw>
<kw name="Alert Should Not Be Present" library="SeleniumLibrary">
<doc>Verifies that no alert is present.</doc>
<status status="PASS" starttime="20230130 17:01:51.217" endtime="20230130 17:01:56.331"/>
</kw>
<kw name="Finish TestCase" library="commonFunctionality" type="TEARDOWN">
<kw name="Close Browser" library="SeleniumLibrary">
<doc>Closes the current browser.</doc>
<status status="PASS" starttime="20230130 17:01:56.333" endtime="20230130 17:01:58.958"/>
</kw>
<status status="PASS" starttime="20230130 17:01:56.333" endtime="20230130 17:01:58.958"/>
</kw>
<doc>Contact Us page should not allow to submit form if name field is empty</doc>
<tag>Functional</tag>
<status status="PASS" starttime="20230130 17:01:46.224" endtime="20230130 17:01:58.958"/>
</test>
<test id="s1-s1-t4" name="Email with empty message field should not be sent" line="41">
<kw name="Start TestCase" library="commonFunctionality" type="SETUP">
<arg>${contactUsPageURL}</arg>
<kw name="Open Browser" library="SeleniumLibrary">
<arg>${url}</arg>
<arg>headlessfirefox</arg>
<doc>Opens a new browser instance to the optional ``url``.</doc>
<msg timestamp="20230130 17:01:58.961" level="INFO">Opening browser 'headlessfirefox' to base url 'http://localhost:8080/contactUs'.</msg>
<msg timestamp="20230130 17:01:58.964" level="INFO">Firefox driver log is always forced to to: C:\Users\Roman\Desktop\web-sovelluskehitys 2\testing\results\geckodriver-69.log</msg>
<status status="PASS" starttime="20230130 17:01:58.960" endtime="20230130 17:02:03.735"/>
</kw>
<kw name="Title Should Be" library="SeleniumLibrary">
<arg>car-rent</arg>
<doc>Verifies that the current page title equals ``title``.</doc>
<msg timestamp="20230130 17:02:03.739" level="INFO">Page title is 'car-rent'.</msg>
<status status="PASS" starttime="20230130 17:02:03.735" endtime="20230130 17:02:03.739"/>
</kw>
<status status="PASS" starttime="20230130 17:01:58.960" endtime="20230130 17:02:03.739"/>
</kw>
<kw name="Fill Name Field" library="contactUsPage">
<kw name="Input Text" library="SeleniumLibrary">
<arg>${contactUsNameField}</arg>
<arg>John Doe</arg>
<arg>True</arg>
<doc>Types the given ``text`` into the text field identified by ``locator``.</doc>
<msg timestamp="20230130 17:02:03.741" level="INFO">Typing text 'John Doe' into text field 'css:.container &gt; form:nth-child(2) &gt; input:nth-child(2)'.</msg>
<status status="PASS" starttime="20230130 17:02:03.740" endtime="20230130 17:02:03.785"/>
</kw>
<status status="PASS" starttime="20230130 17:02:03.739" endtime="20230130 17:02:03.785"/>
</kw>
<kw name="Fill Correct Email Address" library="contactUsPage">
<kw name="Input Text" library="SeleniumLibrary">
<arg>${contactUsEmailField}</arg>
<arg>example@mail.com</arg>
<arg>True</arg>
<doc>Types the given ``text`` into the text field identified by ``locator``.</doc>
<msg timestamp="20230130 17:02:03.786" level="INFO">Typing text 'example@mail.com' into text field 'css:.container &gt; form:nth-child(2) &gt; input:nth-child(4)'.</msg>
<status status="PASS" starttime="20230130 17:02:03.786" endtime="20230130 17:02:03.802"/>
</kw>
<status status="PASS" starttime="20230130 17:02:03.786" endtime="20230130 17:02:03.802"/>
</kw>
<kw name="Submit Contact Form" library="contactUsPage">
<kw name="Submit Form" library="SeleniumLibrary">
<arg>${contactUsContactForm}</arg>
<doc>Submits a form identified by ``locator``.</doc>
<msg timestamp="20230130 17:02:03.803" level="INFO">Submitting form 'css:.container &gt; form:nth-child(2)'.</msg>
<status status="PASS" starttime="20230130 17:02:03.802" endtime="20230130 17:02:03.813"/>
</kw>
<status status="PASS" starttime="20230130 17:02:03.802" endtime="20230130 17:02:03.813"/>
</kw>
<kw name="Alert Should Not Be Present" library="SeleniumLibrary">
<doc>Verifies that no alert is present.</doc>
<status status="PASS" starttime="20230130 17:02:03.813" endtime="20230130 17:02:08.935"/>
</kw>
<kw name="Finish TestCase" library="commonFunctionality" type="TEARDOWN">
<kw name="Close Browser" library="SeleniumLibrary">
<doc>Closes the current browser.</doc>
<status status="PASS" starttime="20230130 17:02:08.936" endtime="20230130 17:02:11.451"/>
</kw>
<status status="PASS" starttime="20230130 17:02:08.936" endtime="20230130 17:02:11.451"/>
</kw>
<doc>Contact Us page should not allow to submit form if message field is empty</doc>
<tag>Functional</tag>
<status status="PASS" starttime="20230130 17:01:58.959" endtime="20230130 17:02:11.451"/>
</test>
<test id="s1-s1-t5" name="Email with empty email field should not be sent" line="50">
<kw name="Start TestCase" library="commonFunctionality" type="SETUP">
<arg>${contactUsPageURL}</arg>
<kw name="Open Browser" library="SeleniumLibrary">
<arg>${url}</arg>
<arg>headlessfirefox</arg>
<doc>Opens a new browser instance to the optional ``url``.</doc>
<msg timestamp="20230130 17:02:11.453" level="INFO">Opening browser 'headlessfirefox' to base url 'http://localhost:8080/contactUs'.</msg>
<msg timestamp="20230130 17:02:11.457" level="INFO">Firefox driver log is always forced to to: C:\Users\Roman\Desktop\web-sovelluskehitys 2\testing\results\geckodriver-70.log</msg>
<status status="PASS" starttime="20230130 17:02:11.453" endtime="20230130 17:02:16.227"/>
</kw>
<kw name="Title Should Be" library="SeleniumLibrary">
<arg>car-rent</arg>
<doc>Verifies that the current page title equals ``title``.</doc>
<msg timestamp="20230130 17:02:16.234" level="INFO">Page title is 'car-rent'.</msg>
<status status="PASS" starttime="20230130 17:02:16.228" endtime="20230130 17:02:16.234"/>
</kw>
<status status="PASS" starttime="20230130 17:02:11.453" endtime="20230130 17:02:16.234"/>
</kw>
<kw name="Fill Name Field" library="contactUsPage">
<kw name="Input Text" library="SeleniumLibrary">
<arg>${contactUsNameField}</arg>
<arg>John Doe</arg>
<arg>True</arg>
<doc>Types the given ``text`` into the text field identified by ``locator``.</doc>
<msg timestamp="20230130 17:02:16.235" level="INFO">Typing text 'John Doe' into text field 'css:.container &gt; form:nth-child(2) &gt; input:nth-child(2)'.</msg>
<status status="PASS" starttime="20230130 17:02:16.235" endtime="20230130 17:02:16.273"/>
</kw>
<status status="PASS" starttime="20230130 17:02:16.235" endtime="20230130 17:02:16.273"/>
</kw>
<kw name="Fill Message Field" library="contactUsPage">
<kw name="Input Text" library="SeleniumLibrary">
<arg>${contactUsMessageField}</arg>
<arg>message</arg>
<arg>True</arg>
<doc>Types the given ``text`` into the text field identified by ``locator``.</doc>
<msg timestamp="20230130 17:02:16.274" level="INFO">Typing text 'message' into text field 'css:html body div#app div.container form textarea'.</msg>
<status status="PASS" starttime="20230130 17:02:16.273" endtime="20230130 17:02:16.289"/>
</kw>
<status status="PASS" starttime="20230130 17:02:16.273" endtime="20230130 17:02:16.289"/>
</kw>
<kw name="Submit Contact Form" library="contactUsPage">
<kw name="Submit Form" library="SeleniumLibrary">
<arg>${contactUsContactForm}</arg>
<doc>Submits a form identified by ``locator``.</doc>
<msg timestamp="20230130 17:02:16.290" level="INFO">Submitting form 'css:.container &gt; form:nth-child(2)'.</msg>
<status status="PASS" starttime="20230130 17:02:16.289" endtime="20230130 17:02:16.298"/>
</kw>
<status status="PASS" starttime="20230130 17:02:16.289" endtime="20230130 17:02:16.299"/>
</kw>
<kw name="Alert Should Not Be Present" library="SeleniumLibrary">
<doc>Verifies that no alert is present.</doc>
<status status="PASS" starttime="20230130 17:02:16.299" endtime="20230130 17:02:21.405"/>
</kw>
<kw name="Finish TestCase" library="commonFunctionality" type="TEARDOWN">
<kw name="Close Browser" library="SeleniumLibrary">
<doc>Closes the current browser.</doc>
<status status="PASS" starttime="20230130 17:02:21.406" endtime="20230130 17:02:24.016"/>
</kw>
<status status="PASS" starttime="20230130 17:02:21.406" endtime="20230130 17:02:24.017"/>
</kw>
<doc>Contact Us page should not allow to submit form if message email is empty</doc>
<tag>Functional</tag>
<status status="PASS" starttime="20230130 17:02:11.452" endtime="20230130 17:02:24.017"/>
</test>
<status status="PASS" starttime="20230130 17:01:24.193" endtime="20230130 17:02:24.018"/>
</suite>
<suite id="s1-s2" name="headerTest" source="C:\Users\Roman\Desktop\web-sovelluskehitys 2\testing\testSuite\functionalTests\headerTest.robot">
<test id="s1-s2-t1" name="Verifying headers contact us page link" line="11">
<kw name="Start TestCase" library="commonFunctionality" type="SETUP">
<arg>${homePageURL}</arg>
<kw name="Open Browser" library="SeleniumLibrary">
<arg>${url}</arg>
<arg>headlessfirefox</arg>
<doc>Opens a new browser instance to the optional ``url``.</doc>
<msg timestamp="20230130 17:02:24.030" level="INFO">Opening browser 'headlessfirefox' to base url 'http://localhost:8080/'.</msg>
<msg timestamp="20230130 17:02:24.034" level="INFO">Firefox driver log is always forced to to: C:\Users\Roman\Desktop\web-sovelluskehitys 2\testing\results\geckodriver-71.log</msg>
<status status="PASS" starttime="20230130 17:02:24.030" endtime="20230130 17:02:28.868"/>
</kw>
<kw name="Title Should Be" library="SeleniumLibrary">
<arg>car-rent</arg>
<doc>Verifies that the current page title equals ``title``.</doc>
<msg timestamp="20230130 17:02:28.871" level="INFO">Page title is 'car-rent'.</msg>
<status status="PASS" starttime="20230130 17:02:28.868" endtime="20230130 17:02:28.871"/>
</kw>
<status status="PASS" starttime="20230130 17:02:24.029" endtime="20230130 17:02:28.871"/>
</kw>
<kw name="Click Contact Us Page" library="headerPage">
<kw name="Click Element" library="SeleniumLibrary">
<arg>${headerContactUsPageLink}</arg>
<doc>Click the element identified by ``locator``.</doc>
<msg timestamp="20230130 17:02:28.873" level="INFO">Clicking element 'css:#pageMenu &gt; a:nth-child(2)'.</msg>
<status status="PASS" starttime="20230130 17:02:28.872" endtime="20230130 17:02:29.106"/>
</kw>
<status status="PASS" starttime="20230130 17:02:28.872" endtime="20230130 17:02:29.106"/>
</kw>
<kw name="Page Should Contain Element" library="SeleniumLibrary">
<arg>${contactUsContactForm}</arg>
<doc>Verifies that element ``locator`` is found on the current page.</doc>
<msg timestamp="20230130 17:02:29.111" level="INFO">Current page contains element 'css:.container &gt; form:nth-child(2)'.</msg>
<status status="PASS" starttime="20230130 17:02:29.106" endtime="20230130 17:02:29.111"/>
</kw>
<kw name="Finish TestCase" library="commonFunctionality" type="TEARDOWN">
<kw name="Close Browser" library="SeleniumLibrary">
<doc>Closes the current browser.</doc>
<status status="PASS" starttime="20230130 17:02:29.112" endtime="20230130 17:02:32.690"/>
</kw>
<status status="PASS" starttime="20230130 17:02:29.112" endtime="20230130 17:02:32.690"/>
</kw>
<doc>Verifying headers contact us page link by searching element from it</doc>
<tag>Functional</tag>
<status status="PASS" starttime="20230130 17:02:24.028" endtime="20230130 17:02:32.691"/>
</test>
<test id="s1-s2-t2" name="Verifying headers main page link" line="18">
<kw name="Start TestCase" library="commonFunctionality" type="SETUP">
<arg>${homePageURL}</arg>
<kw name="Open Browser" library="SeleniumLibrary">
<arg>${url}</arg>
<arg>headlessfirefox</arg>
<doc>Opens a new browser instance to the optional ``url``.</doc>
<msg timestamp="20230130 17:02:32.693" level="INFO">Opening browser 'headlessfirefox' to base url 'http://localhost:8080/'.</msg>
<msg timestamp="20230130 17:02:32.698" level="INFO">Firefox driver log is always forced to to: C:\Users\Roman\Desktop\web-sovelluskehitys 2\testing\results\geckodriver-72.log</msg>
<status status="PASS" starttime="20230130 17:02:32.693" endtime="20230130 17:02:37.504"/>
</kw>
<kw name="Title Should Be" library="SeleniumLibrary">
<arg>car-rent</arg>
<doc>Verifies that the current page title equals ``title``.</doc>
<msg timestamp="20230130 17:02:37.508" level="INFO">Page title is 'car-rent'.</msg>
<status status="PASS" starttime="20230130 17:02:37.505" endtime="20230130 17:02:37.508"/>
</kw>
<status status="PASS" starttime="20230130 17:02:32.692" endtime="20230130 17:02:37.508"/>
</kw>
<kw name="Go To" library="SeleniumLibrary">
<arg>${contactUsPageURL}</arg>
<doc>Navigates the current browser window to the provided ``url``.</doc>
<msg timestamp="20230130 17:02:37.509" level="INFO">Opening url 'http://localhost:8080/contactUs'</msg>
<status status="PASS" starttime="20230130 17:02:37.508" endtime="20230130 17:02:37.666"/>
</kw>
<kw name="Click Home Page" library="headerPage">
<kw name="Click Element" library="SeleniumLibrary">
<arg>${headerHomePageLink}</arg>
<doc>Click the element identified by ``locator``.</doc>
<msg timestamp="20230130 17:02:37.667" level="INFO">Clicking element 'css:#pageMenu &gt; a:nth-child(1)'.</msg>
<status status="PASS" starttime="20230130 17:02:37.667" endtime="20230130 17:02:37.929"/>
</kw>
<status status="PASS" starttime="20230130 17:02:37.666" endtime="20230130 17:02:37.929"/>
</kw>
<kw name="Page Should Contain Element" library="SeleniumLibrary">
<arg>${homePageSearchForm}</arg>
<doc>Verifies that element ``locator`` is found on the current page.</doc>
<msg timestamp="20230130 17:02:37.933" level="INFO">Current page contains element 'id:searchFormContainer'.</msg>
<status status="PASS" starttime="20230130 17:02:37.930" endtime="20230130 17:02:37.933"/>
</kw>
<kw name="Finish TestCase" library="commonFunctionality" type="TEARDOWN">
<kw name="Close Browser" library="SeleniumLibrary">
<doc>Closes the current browser.</doc>
<status status="PASS" starttime="20230130 17:02:37.934" endtime="20230130 17:02:41.388"/>
</kw>
<status status="PASS" starttime="20230130 17:02:37.933" endtime="20230130 17:02:41.388"/>
</kw>
<doc>Verifying headers main page link by searching element from it</doc>
<tag>Functional</tag>
<status status="PASS" starttime="20230130 17:02:32.692" endtime="20230130 17:02:41.388"/>
</test>
<test id="s1-s2-t3" name="Verifying headers logo link" line="26">
<kw name="Start TestCase" library="commonFunctionality" type="SETUP">
<arg>${homePageURL}</arg>
<kw name="Open Browser" library="SeleniumLibrary">
<arg>${url}</arg>
<arg>headlessfirefox</arg>
<doc>Opens a new browser instance to the optional ``url``.</doc>
<msg timestamp="20230130 17:02:41.391" level="INFO">Opening browser 'headlessfirefox' to base url 'http://localhost:8080/'.</msg>
<msg timestamp="20230130 17:02:41.395" level="INFO">Firefox driver log is always forced to to: C:\Users\Roman\Desktop\web-sovelluskehitys 2\testing\results\geckodriver-73.log</msg>
<status status="PASS" starttime="20230130 17:02:41.391" endtime="20230130 17:02:46.219"/>
</kw>
<kw name="Title Should Be" library="SeleniumLibrary">
<arg>car-rent</arg>
<doc>Verifies that the current page title equals ``title``.</doc>
<msg timestamp="20230130 17:02:46.222" level="INFO">Page title is 'car-rent'.</msg>
<status status="PASS" starttime="20230130 17:02:46.220" endtime="20230130 17:02:46.222"/>
</kw>
<status status="PASS" starttime="20230130 17:02:41.391" endtime="20230130 17:02:46.222"/>
</kw>
<kw name="Go To" library="SeleniumLibrary">
<arg>${contactUsPageURL}</arg>
<doc>Navigates the current browser window to the provided ``url``.</doc>
<msg timestamp="20230130 17:02:46.223" level="INFO">Opening url 'http://localhost:8080/contactUs'</msg>
<status status="PASS" starttime="20230130 17:02:46.222" endtime="20230130 17:02:46.384"/>
</kw>
<kw name="Click Logo" library="headerPage">
<kw name="Click Element" library="SeleniumLibrary">
<arg>${headerLogoLink}</arg>
<doc>Click the element identified by ``locator``.</doc>
<msg timestamp="20230130 17:02:46.385" level="INFO">Clicking element 'css:#logo &gt; a:nth-child(1) &gt; img:nth-child(1)'.</msg>
<status status="PASS" starttime="20230130 17:02:46.385" endtime="20230130 17:02:46.642"/>
</kw>
<status status="PASS" starttime="20230130 17:02:46.384" endtime="20230130 17:02:46.642"/>
</kw>
<kw name="Page Should Contain Element" library="SeleniumLibrary">
<arg>${homePageSearchForm}</arg>
<doc>Verifies that element ``locator`` is found on the current page.</doc>
<msg timestamp="20230130 17:02:46.646" level="INFO">Current page contains element 'id:searchFormContainer'.</msg>
<status status="PASS" starttime="20230130 17:02:46.642" endtime="20230130 17:02:46.646"/>
</kw>
<kw name="Finish TestCase" library="commonFunctionality" type="TEARDOWN">
<kw name="Close Browser" library="SeleniumLibrary">
<doc>Closes the current browser.</doc>
<status status="PASS" starttime="20230130 17:02:46.647" endtime="20230130 17:02:50.134"/>
</kw>
<status status="PASS" starttime="20230130 17:02:46.647" endtime="20230130 17:02:50.134"/>
</kw>
<doc>Verifying headers logo link by searching element from it</doc>
<tag>Functional</tag>
<status status="PASS" starttime="20230130 17:02:41.389" endtime="20230130 17:02:50.134"/>
</test>
<status status="PASS" starttime="20230130 17:02:24.020" endtime="20230130 17:02:50.136"/>
</suite>
<suite id="s1-s3" name="homePageTest" source="C:\Users\Roman\Desktop\web-sovelluskehitys 2\testing\testSuite\functionalTests\homePageTest.robot">
<test id="s1-s3-t1" name="Select Past Start Date" line="11">
<kw name="Start TestCase" library="commonFunctionality" type="SETUP">
<arg>${homePageURL}</arg>
<kw name="Open Browser" library="SeleniumLibrary">
<arg>${url}</arg>
<arg>headlessfirefox</arg>
<doc>Opens a new browser instance to the optional ``url``.</doc>
<msg timestamp="20230130 17:02:50.153" level="INFO">Opening browser 'headlessfirefox' to base url 'http://localhost:8080/'.</msg>
<msg timestamp="20230130 17:02:50.156" level="INFO">Firefox driver log is always forced to to: C:\Users\Roman\Desktop\web-sovelluskehitys 2\testing\results\geckodriver-74.log</msg>
<status status="PASS" starttime="20230130 17:02:50.153" endtime="20230130 17:02:54.981"/>
</kw>
<kw name="Title Should Be" library="SeleniumLibrary">
<arg>car-rent</arg>
<doc>Verifies that the current page title equals ``title``.</doc>
<msg timestamp="20230130 17:02:54.985" level="INFO">Page title is 'car-rent'.</msg>
<status status="PASS" starttime="20230130 17:02:54.981" endtime="20230130 17:02:54.985"/>
</kw>
<status status="PASS" starttime="20230130 17:02:50.152" endtime="20230130 17:02:54.986"/>
</kw>
<kw name="Select Date">
<arg>1.1.2020</arg>
<arg>5</arg>
<arg>1.1.2024</arg>
<arg>5</arg>
<kw name="Select Order Start Date" library="homePage">
<arg>${StartDate}</arg>
<kw name="Input Text" library="SeleniumLibrary">
<arg>${homePageOrderStartDate}</arg>
<arg>${date}</arg>
<doc>Types the given ``text`` into the text field identified by ``locator``.</doc>
<msg timestamp="20230130 17:02:54.987" level="INFO">Typing text '1.1.2020' into text field 'id:orderStartDate'.</msg>
<status status="PASS" starttime="20230130 17:02:54.987" endtime="20230130 17:02:55.017"/>
</kw>
<status status="PASS" starttime="20230130 17:02:54.986" endtime="20230130 17:02:55.017"/>
</kw>
<kw name="Select Order Start Time" library="homePage">
<arg>${StartTime}</arg>
<kw name="Select From List By Index" library="SeleniumLibrary">
<arg>${homePageOrderStartTime}</arg>
<arg>${index}</arg>
<doc>Selects options from selection list ``locator`` by ``indexes``.</doc>
<msg timestamp="20230130 17:02:55.018" level="INFO">Selecting options from selection list 'name:orderStartTime' by index 5.</msg>
<status status="PASS" starttime="20230130 17:02:55.017" endtime="20230130 17:02:55.313"/>
</kw>
<status status="PASS" starttime="20230130 17:02:55.017" endtime="20230130 17:02:55.313"/>
</kw>
<kw name="Select Order End Date" library="homePage">
<arg>${EndDate}</arg>
<kw name="Input Text" library="SeleniumLibrary">
<arg>${homePageOrderEndDate}</arg>
<arg>${date}</arg>
<doc>Types the given ``text`` into the text field identified by ``locator``.</doc>
<msg timestamp="20230130 17:02:55.314" level="INFO">Typing text '1.1.2024' into text field 'id:orderEndDate'.</msg>
<status status="PASS" starttime="20230130 17:02:55.314" endtime="20230130 17:02:55.324"/>
</kw>
<status status="PASS" starttime="20230130 17:02:55.314" endtime="20230130 17:02:55.324"/>
</kw>
<kw name="Select Order End Time" library="homePage">
<arg>${EndTime}</arg>
<kw name="Select From List By Index" library="SeleniumLibrary">
<arg>${homePageOrderEndTime}</arg>
<arg>${index}</arg>
<doc>Selects options from selection list ``locator`` by ``indexes``.</doc>
<msg timestamp="20230130 17:02:55.325" level="INFO">Selecting options from selection list 'name:orderEndTime' by index 5.</msg>
<status status="PASS" starttime="20230130 17:02:55.325" endtime="20230130 17:02:55.619"/>
</kw>
<status status="PASS" starttime="20230130 17:02:55.324" endtime="20230130 17:02:55.619"/>
</kw>
<status status="PASS" starttime="20230130 17:02:54.986" endtime="20230130 17:02:55.619"/>
</kw>
<kw name="Submit Search" library="homePage">
<kw name="Click Element" library="SeleniumLibrary">
<arg>${homePageSubmitBtn}</arg>
<doc>Click the element identified by ``locator``.</doc>
<msg timestamp="20230130 17:02:55.620" level="INFO">Clicking element 'id:submitBtn'.</msg>
<status status="PASS" starttime="20230130 17:02:55.620" endtime="20230130 17:02:55.851"/>
</kw>
<status status="PASS" starttime="20230130 17:02:55.620" endtime="20230130 17:02:55.851"/>
</kw>
<kw name="Page Should Contain Element" library="SeleniumLibrary">
<arg>${homePageSearchForm}</arg>
<doc>Verifies that element ``locator`` is found on the current page.</doc>
<msg timestamp="20230130 17:02:55.854" level="INFO">Current page contains element 'id:searchFormContainer'.</msg>
<status status="PASS" starttime="20230130 17:02:55.852" endtime="20230130 17:02:55.855"/>
</kw>
<kw name="Finish TestCase" library="commonFunctionality" type="TEARDOWN">
<kw name="Close Browser" library="SeleniumLibrary">
<doc>Closes the current browser.</doc>
<status status="PASS" starttime="20230130 17:02:55.856" endtime="20230130 17:02:58.883"/>
</kw>
<status status="PASS" starttime="20230130 17:02:55.856" endtime="20230130 17:02:58.883"/>
</kw>
<doc>Page should not allow to do search if date has passed</doc>
<tag>Functional</tag>
<status status="PASS" starttime="20230130 17:02:50.152" endtime="20230130 17:02:58.883"/>
</test>
<test id="s1-s3-t2" name="Select Past End Date" line="18">
<kw name="Start TestCase" library="commonFunctionality" type="SETUP">
<arg>${homePageURL}</arg>
<kw name="Open Browser" library="SeleniumLibrary">
<arg>${url}</arg>
<arg>headlessfirefox</arg>
<doc>Opens a new browser instance to the optional ``url``.</doc>
<msg timestamp="20230130 17:02:58.885" level="INFO">Opening browser 'headlessfirefox' to base url 'http://localhost:8080/'.</msg>
<msg timestamp="20230130 17:02:58.889" level="INFO">Firefox driver log is always forced to to: C:\Users\Roman\Desktop\web-sovelluskehitys 2\testing\results\geckodriver-75.log</msg>
<status status="PASS" starttime="20230130 17:02:58.885" endtime="20230130 17:03:03.683"/>
</kw>
<kw name="Title Should Be" library="SeleniumLibrary">
<arg>car-rent</arg>
<doc>Verifies that the current page title equals ``title``.</doc>
<msg timestamp="20230130 17:03:03.687" level="INFO">Page title is 'car-rent'.</msg>
<status status="PASS" starttime="20230130 17:03:03.683" endtime="20230130 17:03:03.687"/>
</kw>
<status status="PASS" starttime="20230130 17:02:58.885" endtime="20230130 17:03:03.688"/>
</kw>
<kw name="Select Date">
<arg>1.1.2024</arg>
<arg>5</arg>
<arg>1.1.2020</arg>
<arg>5</arg>
<kw name="Select Order Start Date" library="homePage">
<arg>${StartDate}</arg>
<kw name="Input Text" library="SeleniumLibrary">
<arg>${homePageOrderStartDate}</arg>
<arg>${date}</arg>
<doc>Types the given ``text`` into the text field identified by ``locator``.</doc>
<msg timestamp="20230130 17:03:03.689" level="INFO">Typing text '1.1.2024' into text field 'id:orderStartDate'.</msg>
<status status="PASS" starttime="20230130 17:03:03.689" endtime="20230130 17:03:03.716"/>
</kw>
<status status="PASS" starttime="20230130 17:03:03.689" endtime="20230130 17:03:03.717"/>
</kw>
<kw name="Select Order Start Time" library="homePage">
<arg>${StartTime}</arg>
<kw name="Select From List By Index" library="SeleniumLibrary">
<arg>${homePageOrderStartTime}</arg>
<arg>${index}</arg>
<doc>Selects options from selection list ``locator`` by ``indexes``.</doc>
<msg timestamp="20230130 17:03:03.718" level="INFO">Selecting options from selection list 'name:orderStartTime' by index 5.</msg>
<status status="PASS" starttime="20230130 17:03:03.718" endtime="20230130 17:03:04.026"/>
</kw>
<status status="PASS" starttime="20230130 17:03:03.717" endtime="20230130 17:03:04.026"/>
</kw>
<kw name="Select Order End Date" library="homePage">
<arg>${EndDate}</arg>
<kw name="Input Text" library="SeleniumLibrary">
<arg>${homePageOrderEndDate}</arg>
<arg>${date}</arg>
<doc>Types the given ``text`` into the text field identified by ``locator``.</doc>
<msg timestamp="20230130 17:03:04.028" level="INFO">Typing text '1.1.2020' into text field 'id:orderEndDate'.</msg>
<status status="PASS" starttime="20230130 17:03:04.027" endtime="20230130 17:03:04.037"/>
</kw>
<status status="PASS" starttime="20230130 17:03:04.027" endtime="20230130 17:03:04.038"/>
</kw>
<kw name="Select Order End Time" library="homePage">
<arg>${EndTime}</arg>
<kw name="Select From List By Index" library="SeleniumLibrary">
<arg>${homePageOrderEndTime}</arg>
<arg>${index}</arg>
<doc>Selects options from selection list ``locator`` by ``indexes``.</doc>
<msg timestamp="20230130 17:03:04.039" level="INFO">Selecting options from selection list 'name:orderEndTime' by index 5.</msg>
<status status="PASS" starttime="20230130 17:03:04.038" endtime="20230130 17:03:04.321"/>
</kw>
<status status="PASS" starttime="20230130 17:03:04.038" endtime="20230130 17:03:04.321"/>
</kw>
<status status="PASS" starttime="20230130 17:03:03.688" endtime="20230130 17:03:04.321"/>
</kw>
<kw name="Submit Search" library="homePage">
<kw name="Click Element" library="SeleniumLibrary">
<arg>${homePageSubmitBtn}</arg>
<doc>Click the element identified by ``locator``.</doc>
<msg timestamp="20230130 17:03:04.322" level="INFO">Clicking element 'id:submitBtn'.</msg>
<status status="PASS" starttime="20230130 17:03:04.322" endtime="20230130 17:03:04.553"/>
</kw>
<status status="PASS" starttime="20230130 17:03:04.321" endtime="20230130 17:03:04.553"/>
</kw>
<kw name="Page Should Contain Element" library="SeleniumLibrary">
<arg>${homePageSearchForm}</arg>
<doc>Verifies that element ``locator`` is found on the current page.</doc>
<msg timestamp="20230130 17:03:04.556" level="INFO">Current page contains element 'id:searchFormContainer'.</msg>
<status status="PASS" starttime="20230130 17:03:04.554" endtime="20230130 17:03:04.556"/>
</kw>
<kw name="Finish TestCase" library="commonFunctionality" type="TEARDOWN">
<kw name="Close Browser" library="SeleniumLibrary">
<doc>Closes the current browser.</doc>
<status status="PASS" starttime="20230130 17:03:04.557" endtime="20230130 17:03:07.624"/>
</kw>
<status status="PASS" starttime="20230130 17:03:04.557" endtime="20230130 17:03:07.624"/>
</kw>
<doc>Page should not allow to do search if date has passed</doc>
<tag>Functional</tag>
<status status="PASS" starttime="20230130 17:02:58.884" endtime="20230130 17:03:07.624"/>
</test>
<test id="s1-s3-t3" name="No Date Selected" line="26">
<kw name="Start TestCase" library="commonFunctionality" type="SETUP">
<arg>${homePageURL}</arg>
<kw name="Open Browser" library="SeleniumLibrary">
<arg>${url}</arg>
<arg>headlessfirefox</arg>
<doc>Opens a new browser instance to the optional ``url``.</doc>
<msg timestamp="20230130 17:03:07.627" level="INFO">Opening browser 'headlessfirefox' to base url 'http://localhost:8080/'.</msg>
<msg timestamp="20230130 17:03:07.630" level="INFO">Firefox driver log is always forced to to: C:\Users\Roman\Desktop\web-sovelluskehitys 2\testing\results\geckodriver-76.log</msg>
<status status="PASS" starttime="20230130 17:03:07.626" endtime="20230130 17:03:12.386"/>
</kw>
<kw name="Title Should Be" library="SeleniumLibrary">
<arg>car-rent</arg>
<doc>Verifies that the current page title equals ``title``.</doc>
<msg timestamp="20230130 17:03:12.390" level="INFO">Page title is 'car-rent'.</msg>
<status status="PASS" starttime="20230130 17:03:12.386" endtime="20230130 17:03:12.390"/>
</kw>
<status status="PASS" starttime="20230130 17:03:07.626" endtime="20230130 17:03:12.390"/>
</kw>
<kw name="Submit Search" library="homePage">
<kw name="Click Element" library="SeleniumLibrary">
<arg>${homePageSubmitBtn}</arg>
<doc>Click the element identified by ``locator``.</doc>
<msg timestamp="20230130 17:03:12.391" level="INFO">Clicking element 'id:submitBtn'.</msg>
<status status="PASS" starttime="20230130 17:03:12.391" endtime="20230130 17:03:12.647"/>
</kw>
<status status="PASS" starttime="20230130 17:03:12.391" endtime="20230130 17:03:12.647"/>
</kw>
<kw name="Page Should Contain Element" library="SeleniumLibrary">
<arg>${homePageInsertStartDateErr}</arg>
<doc>Verifies that element ``locator`` is found on the current page.</doc>
<msg timestamp="20230130 17:03:12.651" level="INFO">Current page contains element 'css:html body div#app div div#searchFormContainer form div div.formRow div.formColumn div.formErrorContainer'.</msg>
<status status="PASS" starttime="20230130 17:03:12.648" endtime="20230130 17:03:12.651"/>
</kw>
<kw name="Page Should Contain Element" library="SeleniumLibrary">
<arg>${homePageInsertStartTimeErr}</arg>
<doc>Verifies that element ``locator`` is found on the current page.</doc>
<msg timestamp="20230130 17:03:12.656" level="INFO">Current page contains element 'css:html body div#app div div#searchFormContainer form div div.formRow div.formColumn div.formErrorContainer'.</msg>
<status status="PASS" starttime="20230130 17:03:12.652" endtime="20230130 17:03:12.656"/>
</kw>
<kw name="Page Should Contain Element" library="SeleniumLibrary">
<arg>${homePageInsertEndDateErr}</arg>
<doc>Verifies that element ``locator`` is found on the current page.</doc>
<msg timestamp="20230130 17:03:12.661" level="INFO">Current page contains element 'css:html body div#app div div#searchFormContainer form div div.formRow div.formColumn div.formErrorContainer'.</msg>
<status status="PASS" starttime="20230130 17:03:12.656" endtime="20230130 17:03:12.661"/>
</kw>
<kw name="Page Should Contain Element" library="SeleniumLibrary">
<arg>${homePageInsertEndTimeErr}</arg>
<doc>Verifies that element ``locator`` is found on the current page.</doc>
<msg timestamp="20230130 17:03:12.665" level="INFO">Current page contains element 'css:html body div#app div div#searchFormContainer form div div.formRow div.formColumn div.formErrorContainer'.</msg>
<status status="PASS" starttime="20230130 17:03:12.661" endtime="20230130 17:03:12.665"/>
</kw>
<kw name="Finish TestCase" library="commonFunctionality" type="TEARDOWN">
<kw name="Close Browser" library="SeleniumLibrary">
<doc>Closes the current browser.</doc>
<status status="PASS" starttime="20230130 17:03:12.666" endtime="20230130 17:03:16.359"/>
</kw>
<status status="PASS" starttime="20230130 17:03:12.665" endtime="20230130 17:03:16.360"/>
</kw>
<doc>Page should inform that full date required</doc>
<tag>Functional</tag>
<status status="PASS" starttime="20230130 17:03:07.625" endtime="20230130 17:03:16.360"/>
</test>
<test id="s1-s3-t4" name="Correct Date Selected" line="36">
<kw name="Start TestCase" library="commonFunctionality" type="SETUP">
<arg>${homePageURL}</arg>
<kw name="Open Browser" library="SeleniumLibrary">
<arg>${url}</arg>
<arg>headlessfirefox</arg>
<doc>Opens a new browser instance to the optional ``url``.</doc>
<msg timestamp="20230130 17:03:16.363" level="INFO">Opening browser 'headlessfirefox' to base url 'http://localhost:8080/'.</msg>
<msg timestamp="20230130 17:03:16.368" level="INFO">Firefox driver log is always forced to to: C:\Users\Roman\Desktop\web-sovelluskehitys 2\testing\results\geckodriver-77.log</msg>
<status status="PASS" starttime="20230130 17:03:16.362" endtime="20230130 17:03:21.097"/>
</kw>
<kw name="Title Should Be" library="SeleniumLibrary">
<arg>car-rent</arg>
<doc>Verifies that the current page title equals ``title``.</doc>
<msg timestamp="20230130 17:03:21.102" level="INFO">Page title is 'car-rent'.</msg>
<status status="PASS" starttime="20230130 17:03:21.097" endtime="20230130 17:03:21.102"/>
</kw>
<status status="PASS" starttime="20230130 17:03:16.362" endtime="20230130 17:03:21.103"/>
</kw>
<kw name="Select Date">
<arg>2023-06-01</arg>
<arg>5</arg>
<arg>2023-06-02</arg>
<arg>5</arg>
<kw name="Select Order Start Date" library="homePage">
<arg>${StartDate}</arg>
<kw name="Input Text" library="SeleniumLibrary">
<arg>${homePageOrderStartDate}</arg>
<arg>${date}</arg>
<doc>Types the given ``text`` into the text field identified by ``locator``.</doc>
<msg timestamp="20230130 17:03:21.104" level="INFO">Typing text '2023-06-01' into text field 'id:orderStartDate'.</msg>
<status status="PASS" starttime="20230130 17:03:21.103" endtime="20230130 17:03:21.135"/>
</kw>
<status status="PASS" starttime="20230130 17:03:21.103" endtime="20230130 17:03:21.136"/>
</kw>
<kw name="Select Order Start Time" library="homePage">
<arg>${StartTime}</arg>
<kw name="Select From List By Index" library="SeleniumLibrary">
<arg>${homePageOrderStartTime}</arg>
<arg>${index}</arg>
<doc>Selects options from selection list ``locator`` by ``indexes``.</doc>
<msg timestamp="20230130 17:03:21.136" level="INFO">Selecting options from selection list 'name:orderStartTime' by index 5.</msg>
<status status="PASS" starttime="20230130 17:03:21.136" endtime="20230130 17:03:21.428"/>
</kw>
<status status="PASS" starttime="20230130 17:03:21.136" endtime="20230130 17:03:21.428"/>
</kw>
<kw name="Select Order End Date" library="homePage">
<arg>${EndDate}</arg>
<kw name="Input Text" library="SeleniumLibrary">
<arg>${homePageOrderEndDate}</arg>
<arg>${date}</arg>
<doc>Types the given ``text`` into the text field identified by ``locator``.</doc>
<msg timestamp="20230130 17:03:21.429" level="INFO">Typing text '2023-06-02' into text field 'id:orderEndDate'.</msg>
<status status="PASS" starttime="20230130 17:03:21.428" endtime="20230130 17:03:21.439"/>
</kw>
<status status="PASS" starttime="20230130 17:03:21.428" endtime="20230130 17:03:21.439"/>
</kw>
<kw name="Select Order End Time" library="homePage">
<arg>${EndTime}</arg>
<kw name="Select From List By Index" library="SeleniumLibrary">
<arg>${homePageOrderEndTime}</arg>
<arg>${index}</arg>
<doc>Selects options from selection list ``locator`` by ``indexes``.</doc>
<msg timestamp="20230130 17:03:21.440" level="INFO">Selecting options from selection list 'name:orderEndTime' by index 5.</msg>
<status status="PASS" starttime="20230130 17:03:21.440" endtime="20230130 17:03:21.733"/>
</kw>
<status status="PASS" starttime="20230130 17:03:21.439" endtime="20230130 17:03:21.733"/>
</kw>
<status status="PASS" starttime="20230130 17:03:21.103" endtime="20230130 17:03:21.733"/>
</kw>
<kw name="Submit Search" library="homePage">
<kw name="Click Element" library="SeleniumLibrary">
<arg>${homePageSubmitBtn}</arg>
<doc>Click the element identified by ``locator``.</doc>
<msg timestamp="20230130 17:03:21.734" level="INFO">Clicking element 'id:submitBtn'.</msg>
<status status="PASS" starttime="20230130 17:03:21.734" endtime="20230130 17:03:21.897"/>
</kw>
<status status="PASS" starttime="20230130 17:03:21.734" endtime="20230130 17:03:21.897"/>
</kw>
<kw name="Page Should Contain Element" library="SeleniumLibrary">
<arg>${resultPageCarListDiv}</arg>
<doc>Verifies that element ``locator`` is found on the current page.</doc>
<msg timestamp="20230130 17:03:21.909" level="INFO">Current page contains element 'id:carList'.</msg>
<status status="PASS" starttime="20230130 17:03:21.898" endtime="20230130 17:03:21.909"/>
</kw>
<kw name="Finish TestCase" library="commonFunctionality" type="TEARDOWN">
<kw name="Close Browser" library="SeleniumLibrary">
<doc>Closes the current browser.</doc>
<status status="PASS" starttime="20230130 17:03:21.910" endtime="20230130 17:03:25.103"/>
</kw>
<status status="PASS" starttime="20230130 17:03:21.909" endtime="20230130 17:03:25.103"/>
</kw>
<doc>Page should do the search of available cars</doc>
<tag>Functional</tag>
<status status="PASS" starttime="20230130 17:03:16.361" endtime="20230130 17:03:25.103"/>
</test>
<status status="PASS" starttime="20230130 17:02:50.137" endtime="20230130 17:03:25.104"/>
</suite>
<status status="PASS" starttime="20230130 17:01:24.172" endtime="20230130 17:03:25.107"/>
</suite>
<statistics>
<total>
<stat pass="12" fail="0" skip="0">All Tests</stat>
</total>
<tag>
<stat pass="12" fail="0" skip="0">Functional</stat>
</tag>
<suite>
<stat pass="12" fail="0" skip="0" id="s1" name="functionalTests">functionalTests</stat>
<stat pass="5" fail="0" skip="0" id="s1-s1" name="contactUsPageTest">functionalTests.contactUsPageTest</stat>
<stat pass="3" fail="0" skip="0" id="s1-s2" name="headerTest">functionalTests.headerTest</stat>
<stat pass="4" fail="0" skip="0" id="s1-s3" name="homePageTest">functionalTests.homePageTest</stat>
</suite>
</statistics>
<errors>
</errors>
</robot>
